<?xml version="1.0" encoding="UTF-8"?>
<!-- Generated by org.testng.reporters.JUnitXMLReporter -->
<testsuite ignored="0" hostname="HKOKA-T490" failures="0" tests="3" name="Default test" time="78.004" errors="0" timestamp="2024-03-11T17:24:20 IST">
  <testcase classname="SeleniumDemo.Proj.NewTest" name="f" time="4.999"/>
  <testcase classname="SeleniumDemo.Proj.NewTest" name="g" time="7.357"/>
  <testcase classname="SeleniumDemo.Proj.NewTest" name="h" time="65.602"/>
</testsuite> <!-- Default test -->
